<?xml version="1.0" encoding="utf-8"?><testsuites name="pytest tests"><testsuite name="pytest" errors="0" failures="0" skipped="0" tests="10" time="0.947" timestamp="2025-07-11T12:57:40.170073-05:00" hostname="godzilla"><testcase classname="test_spriter.TestSpriter" name="test_help_command" time="0.002" /><testcase classname="test_spriter.TestSpriter" name="test_unsupported_file_format" time="0.041" /><testcase classname="test_spriter.TestSpriter" name="test_nonexistent_file" time="0.001" /><testcase classname="test_spriter.TestSpriter" name="test_missing_ffmpeg" time="0.002" /><testcase classname="test_spriter.TestSpriter" name="test_successful_conversion" time="0.004" /><testcase classname="test_spriter.TestSpriter" name="test_preset_configurations" time="0.002" /><testcase classname="test_spriter.TestSpriter" name="test_filename_generation" time="0.135" /><testcase classname="test_spriter.TestSpriter" name="test_directory_processing" time="0.141" /><testcase classname="test_spriter.TestSpriter" name="test_ffmpeg_error" time="0.002" /><testcase classname="test_spriter" name="test_integration_with_real_file" time="0.079" /></testsuite></testsuites>